<?xml version="1.0" encoding="UTF-8"?>
<!-- Generated by org.testng.reporters.JUnitReportReporter -->
<testsuite hostname="DESKTOP-1U7KDSQ" name="com.epam.tests.MyGitHubTest" tests="4" failures="0" timestamp="5 Mar 2017 15:56:16 GMT" time="110.881" errors="0">
  <testcase name="loginBigLetterPass" time="23.041" classname="com.epam.tests.MyGitHubTest"/>
  <testcase name="pressButtonWithoutLoginPass" time="29.216" classname="com.epam.tests.MyGitHubTest"/>
  <testcase name="loginRight" time="32.380" classname="com.epam.tests.MyGitHubTest"/>
  <testcase name="loginBigLetterLogin" time="26.244" classname="com.epam.tests.MyGitHubTest"/>
</testsuite> <!-- com.epam.tests.MyGitHubTest -->
